This is pdfTeX, Version 3.141592653-2.6-1.40.28 (TeX Live 2025) (preloaded format=pdflatex 2025.10.28)  15 FEB 2026 16:47
entering extended mode
 restricted \write18 enabled.
 %&-line parsing enabled.
**Cheat_Sheet_Exam_1.tex
(./Cheat_Sheet_Exam_1.tex
LaTeX2e <2025-06-01> patch level 1
L3 programming layer <2025-10-24>
(d:/Tex Live/texlive/2025/texmf-dist/tex/latex/extsizes/extarticle.cls
Document Class: extarticle 1996/10/08 v1.0 Non Standard LaTeX document class
(d:/Tex Live/texlive/2025/texmf-dist/tex/latex/extsizes/size8.clo
File: size8.clo 1999/11/11 v1.4a NON-Standard LaTeX file (size option)
)
(d:/Tex Live/texlive/2025/texmf-dist/tex/latex/base/exscale.sty
Package: exscale 2018/09/24 v2.1i Standard LaTeX package exscale
LaTeX Font Info:    Redeclaring symbol font `largesymbols' on input line 57.
LaTeX Font Info:    Overwriting symbol font `largesymbols' in version `normal'
(Font)                  OMX/cmex/m/n --> OMX/cmex/m/n on input line 57.
LaTeX Font Info:    Overwriting symbol font `largesymbols' in version `bold'
(Font)                  OMX/cmex/m/n --> OMX/cmex/m/n on input line 57.
\big@size=\dimen148
)
\c@part=\count275
\c@section=\count276
\c@subsection=\count277
\c@subsubsection=\count278
\c@paragraph=\count279
\c@subparagraph=\count280
\c@figure=\count281
\c@table=\count282
\abovecaptionskip=\skip49
\belowcaptionskip=\skip50
\bibindent=\dimen149
)
(d:/Tex Live/texlive/2025/texmf-dist/tex/latex/geometry/geometry.sty
Package: geometry 2020/01/02 v5.9 Page Geometry

(d:/Tex Live/texlive/2025/texmf-dist/tex/latex/graphics/keyval.sty
Package: keyval 2022/05/29 v1.15 key=value parser (DPC)
\KV@toks@=\toks17
)
(d:/Tex Live/texlive/2025/texmf-dist/tex/generic/iftex/ifvtex.sty
Package: ifvtex 2019/10/25 v1.7 ifvtex legacy package. Use iftex instead.

(d:/Tex Live/texlive/2025/texmf-dist/tex/generic/iftex/iftex.sty
Package: iftex 2024/12/12 v1.0g TeX engine tests
))
\Gm@cnth=\count283
\Gm@cntv=\count284
\c@Gm@tempcnt=\count285
\Gm@bindingoffset=\dimen150
\Gm@wd@mp=\dimen151
\Gm@odd@mp=\dimen152
\Gm@even@mp=\dimen153
\Gm@layoutwidth=\dimen154
\Gm@layoutheight=\dimen155
\Gm@layouthoffset=\dimen156
\Gm@layoutvoffset=\dimen157
\Gm@dimlist=\toks18
)
(d:/Tex Live/texlive/2025/texmf-dist/tex/latex/tools/multicol.sty
Package: multicol 2025/05/25 v2.0a multicolumn formatting (FMi)
\c@tracingmulticols=\count286
\mult@box=\box53
\multicol@leftmargin=\dimen158
\c@unbalance=\count287
\c@collectmore=\count288
\doublecol@number=\count289
\multicoltolerance=\count290
\multicolpretolerance=\count291
\full@width=\dimen159
\page@free=\dimen160
\premulticols=\dimen161
\postmulticols=\dimen162
\multicolsep=\skip51
\multicolbaselineskip=\skip52
\partial@page=\box54
\last@line=\box55
\mc@boxedresult=\box56
\maxbalancingoverflow=\dimen163
\mult@rightbox=\box57
\mult@grightbox=\box58
\mult@firstbox=\box59
\mult@gfirstbox=\box60
\@tempa=\box61
\@tempa=\box62
\@tempa=\box63
\@tempa=\box64
\@tempa=\box65
\@tempa=\box66
\@tempa=\box67
\@tempa=\box68
\@tempa=\box69
\@tempa=\box70
\@tempa=\box71
\@tempa=\box72
\@tempa=\box73
\@tempa=\box74
\@tempa=\box75
\@tempa=\box76
\@tempa=\box77
\@tempa=\box78
\@tempa=\box79
\@tempa=\box80
\@tempa=\box81
\@tempa=\box82
\@tempa=\box83
\@tempa=\box84
\@tempa=\box85
\@tempa=\box86
\@tempa=\box87
\@tempa=\box88
\@tempa=\box89
\@tempa=\box90
\@tempa=\box91
\@tempa=\box92
\@tempa=\box93
\@tempa=\box94
\@tempa=\box95
\@tempa=\box96
\c@minrows=\count292
\c@columnbadness=\count293
\c@finalcolumnbadness=\count294
\last@try=\dimen164
\multicolovershoot=\dimen165
\multicolundershoot=\dimen166
\mult@nat@firstbox=\box97
\colbreak@box=\box98
\mc@col@check@num=\count295
\g__mc_curr_col_int=\count296
)
(d:/Tex Live/texlive/2025/texmf-dist/tex/latex/amsmath/amsmath.sty
Package: amsmath 2025/06/16 v2.17y AMS math features
\@mathmargin=\skip53

For additional information on amsmath, use the `?' option.
(d:/Tex Live/texlive/2025/texmf-dist/tex/latex/amsmath/amstext.sty
Package: amstext 2024/11/17 v2.01 AMS text

(d:/Tex Live/texlive/2025/texmf-dist/tex/latex/amsmath/amsgen.sty
File: amsgen.sty 1999/11/30 v2.0 generic functions
\@emptytoks=\toks19
\ex@=\dimen167
))
(d:/Tex Live/texlive/2025/texmf-dist/tex/latex/amsmath/amsbsy.sty
Package: amsbsy 1999/11/29 v1.2d Bold Symbols
\pmbraise@=\dimen168
)
(d:/Tex Live/texlive/2025/texmf-dist/tex/latex/amsmath/amsopn.sty
Package: amsopn 2022/04/08 v2.04 operator names
)
\inf@bad=\count297
LaTeX Info: Redefining \frac on input line 233.
\uproot@=\count298
\leftroot@=\count299
LaTeX Info: Redefining \overline on input line 398.
LaTeX Info: Redefining \colon on input line 409.
\classnum@=\count300
\DOTSCASE@=\count301
LaTeX Info: Redefining \ldots on input line 495.
LaTeX Info: Redefining \dots on input line 498.
LaTeX Info: Redefining \cdots on input line 619.
\Mathstrutbox@=\box99
\strutbox@=\box100
LaTeX Info: Redefining \big on input line 721.
LaTeX Info: Redefining \Big on input line 722.
LaTeX Info: Redefining \bigg on input line 723.
LaTeX Info: Redefining \Bigg on input line 724.
\big@size=\dimen169
LaTeX Font Info:    Redeclaring font encoding OML on input line 742.
LaTeX Font Info:    Redeclaring font encoding OMS on input line 743.
\macc@depth=\count302
LaTeX Info: Redefining \bmod on input line 904.
LaTeX Info: Redefining \pmod on input line 909.
LaTeX Info: Redefining \smash on input line 939.
LaTeX Info: Redefining \relbar on input line 969.
LaTeX Info: Redefining \Relbar on input line 970.
\c@MaxMatrixCols=\count303
\dotsspace@=\muskip17
\c@parentequation=\count304
\dspbrk@lvl=\count305
\tag@help=\toks20
\row@=\count306
\column@=\count307
\maxfields@=\count308
\andhelp@=\toks21
\eqnshift@=\dimen170
\alignsep@=\dimen171
\tagshift@=\dimen172
\tagwidth@=\dimen173
\totwidth@=\dimen174
\lineht@=\dimen175
\@envbody=\toks22
\multlinegap=\skip54
\multlinetaggap=\skip55
\mathdisplay@stack=\toks23
LaTeX Info: Redefining \[ on input line 2949.
LaTeX Info: Redefining \] on input line 2950.
)
(d:/Tex Live/texlive/2025/texmf-dist/tex/latex/amsfonts/amssymb.sty
Package: amssymb 2013/01/14 v3.01 AMS font symbols

(d:/Tex Live/texlive/2025/texmf-dist/tex/latex/amsfonts/amsfonts.sty
Package: amsfonts 2013/01/14 v3.01 Basic AMSFonts support
\symAMSa=\mathgroup4
\symAMSb=\mathgroup5
LaTeX Font Info:    Redeclaring math symbol \hbar on input line 98.
LaTeX Font Info:    Overwriting math alphabet `\mathfrak' in version `bold'
(Font)                  U/euf/m/n --> U/euf/b/n on input line 106.
))
(d:/Tex Live/texlive/2025/texmf-dist/tex/latex/enumitem/enumitem.sty
Package: enumitem 2025/02/06 v3.11 Customized lists
\labelindent=\skip56
\enit@outerparindent=\dimen176
\enit@toks=\toks24
\enit@inbox=\box101
\enit@count@id=\count309
\enitdp@description=\count310
)
(d:/Tex Live/texlive/2025/texmf-dist/tex/latex/titlesec/titlesec.sty
Package: titlesec 2025/01/04 v2.17 Sectioning titles
\ttl@box=\box102
\beforetitleunit=\skip57
\aftertitleunit=\skip58
\ttl@plus=\dimen177
\ttl@minus=\dimen178
\ttl@toksa=\toks25
\titlewidth=\dimen179
\titlewidthlast=\dimen180
\titlewidthfirst=\dimen181
)
(d:/Tex Live/texlive/2025/texmf-dist/tex/latex/graphics/graphicx.sty
Package: graphicx 2024/12/31 v1.2e Enhanced LaTeX Graphics (DPC,SPQR)

(d:/Tex Live/texlive/2025/texmf-dist/tex/latex/graphics/graphics.sty
Package: graphics 2024/08/06 v1.4g Standard LaTeX Graphics (DPC,SPQR)

(d:/Tex Live/texlive/2025/texmf-dist/tex/latex/graphics/trig.sty
Package: trig 2023/12/02 v1.11 sin cos tan (DPC)
)
(d:/Tex Live/texlive/2025/texmf-dist/tex/latex/graphics-cfg/graphics.cfg
File: graphics.cfg 2016/06/04 v1.11 sample graphics configuration
)
Package graphics Info: Driver file: pdftex.def on input line 106.

(d:/Tex Live/texlive/2025/texmf-dist/tex/latex/graphics-def/pdftex.def
File: pdftex.def 2025/09/29 v1.2d Graphics/color driver for pdftex
))
\Gin@req@height=\dimen182
\Gin@req@width=\dimen183
)
(d:/Tex Live/texlive/2025/texmf-dist/tex/latex/cjk/texinput/CJKutf8.sty
Package: CJKutf8 2021/10/16 4.8.5

(d:/Tex Live/texlive/2025/texmf-dist/tex/generic/iftex/ifpdf.sty
Package: ifpdf 2019/10/25 v3.4 ifpdf legacy package. Use iftex instead.
)
(d:/Tex Live/texlive/2025/texmf-dist/tex/latex/base/inputenc.sty
Package: inputenc 2024/02/08 v1.3d Input encoding file
\inpenc@prehook=\toks26
\inpenc@posthook=\toks27
)
(d:/Tex Live/texlive/2025/texmf-dist/tex/latex/cjk/texinput/CJK.sty
Package: CJK 2021/10/16 4.8.5

(d:/Tex Live/texlive/2025/texmf-dist/tex/latex/cjk/texinput/mule/MULEenc.sty
Package: MULEenc 2021/10/16 4.8.5
)
(d:/Tex Live/texlive/2025/texmf-dist/tex/latex/cjk/texinput/CJK.enc
File: CJK.enc 2021/10/16 4.8.5
Now handling font encoding C00 ...
... no UTF-8 mapping file for font encoding C00
Now handling font encoding C05 ...
... no UTF-8 mapping file for font encoding C05
Now handling font encoding C09 ...
... no UTF-8 mapping file for font encoding C09
Now handling font encoding C10 ...
... no UTF-8 mapping file for font encoding C10
Now handling font encoding C20 ...
... no UTF-8 mapping file for font encoding C20
Now handling font encoding C19 ...
... no UTF-8 mapping file for font encoding C19
Now handling font encoding C40 ...
... no UTF-8 mapping file for font encoding C40
Now handling font encoding C42 ...
... no UTF-8 mapping file for font encoding C42
Now handling font encoding C43 ...
... no UTF-8 mapping file for font encoding C43
Now handling font encoding C50 ...
... no UTF-8 mapping file for font encoding C50
Now handling font encoding C52 ...
... no UTF-8 mapping file for font encoding C52
Now handling font encoding C49 ...
... no UTF-8 mapping file for font encoding C49
Now handling font encoding C60 ...
... no UTF-8 mapping file for font encoding C60
Now handling font encoding C61 ...
... no UTF-8 mapping file for font encoding C61
Now handling font encoding C63 ...
... no UTF-8 mapping file for font encoding C63
Now handling font encoding C64 ...
... no UTF-8 mapping file for font encoding C64
Now handling font encoding C65 ...
... no UTF-8 mapping file for font encoding C65
Now handling font encoding C70 ...
... no UTF-8 mapping file for font encoding C70
Now handling font encoding C31 ...
... no UTF-8 mapping file for font encoding C31
Now handling font encoding C32 ...
... no UTF-8 mapping file for font encoding C32
Now handling font encoding C33 ...
... no UTF-8 mapping file for font encoding C33
Now handling font encoding C34 ...
... no UTF-8 mapping file for font encoding C34
Now handling font encoding C35 ...
... no UTF-8 mapping file for font encoding C35
Now handling font encoding C36 ...
... no UTF-8 mapping file for font encoding C36
Now handling font encoding C37 ...
... no UTF-8 mapping file for font encoding C37
Now handling font encoding C80 ...
... no UTF-8 mapping file for font encoding C80
Now handling font encoding C81 ...
... no UTF-8 mapping file for font encoding C81
Now handling font encoding C01 ...
... no UTF-8 mapping file for font encoding C01
Now handling font encoding C11 ...
... no UTF-8 mapping file for font encoding C11
Now handling font encoding C21 ...
... no UTF-8 mapping file for font encoding C21
Now handling font encoding C41 ...
... no UTF-8 mapping file for font encoding C41
Now handling font encoding C62 ...
... no UTF-8 mapping file for font encoding C62
)
\CJK@indent=\box103
)
(d:/Tex Live/texlive/2025/texmf-dist/tex/latex/base/fontenc.sty
Package: fontenc 2024/12/21 v2.1c Standard LaTeX package
))
(d:/Tex Live/texlive/2025/texmf-dist/tex/latex/booktabs/booktabs.sty
Package: booktabs 2020/01/12 v1.61803398 Publication quality tables
\heavyrulewidth=\dimen184
\lightrulewidth=\dimen185
\cmidrulewidth=\dimen186
\belowrulesep=\dimen187
\belowbottomsep=\dimen188
\aboverulesep=\dimen189
\abovetopsep=\dimen190
\cmidrulesep=\dimen191
\cmidrulekern=\dimen192
\defaultaddspace=\dimen193
\@cmidla=\count311
\@cmidlb=\count312
\@aboverulesep=\dimen194
\@belowrulesep=\dimen195
\@thisruleclass=\count313
\@lastruleclass=\count314
\@thisrulewidth=\dimen196
)
(d:/Tex Live/texlive/2025/texmf-dist/tex/latex/tools/array.sty
Package: array 2025/06/08 v2.6j Tabular extension package (FMi)
\col@sep=\dimen197
\ar@mcellbox=\box104
\extrarowheight=\dimen198
\NC@list=\toks28
\extratabsurround=\skip59
\backup@length=\skip60
\ar@cellbox=\box105
)
(d:/Tex Live/texlive/2025/texmf-dist/tex/latex/l3backend/l3backend-pdftex.def
File: l3backend-pdftex.def 2025-10-09 L3 backend support: PDF output (pdfTeX)
\l__color_backend_stack_int=\count315
)
(./Cheat_Sheet_Exam_1.aux)
\openout1 = `Cheat_Sheet_Exam_1.aux'.

LaTeX Font Info:    Checking defaults for OML/cmm/m/it on input line 25.
LaTeX Font Info:    ... okay on input line 25.
LaTeX Font Info:    Checking defaults for OMS/cmsy/m/n on input line 25.
LaTeX Font Info:    ... okay on input line 25.
LaTeX Font Info:    Checking defaults for OT1/cmr/m/n on input line 25.
LaTeX Font Info:    ... okay on input line 25.
LaTeX Font Info:    Checking defaults for T1/cmr/m/n on input line 25.
LaTeX Font Info:    ... okay on input line 25.
LaTeX Font Info:    Checking defaults for TS1/cmr/m/n on input line 25.
LaTeX Font Info:    ... okay on input line 25.
LaTeX Font Info:    Checking defaults for OMX/cmex/m/n on input line 25.
LaTeX Font Info:    ... okay on input line 25.
LaTeX Font Info:    Checking defaults for U/cmr/m/n on input line 25.
LaTeX Font Info:    ... okay on input line 25.
LaTeX Font Info:    Checking defaults for C00/song/m/n on input line 25.
LaTeX Font Info:    ... okay on input line 25.
LaTeX Font Info:    Checking defaults for C05/song/m/n on input line 25.
LaTeX Font Info:    ... okay on input line 25.
LaTeX Font Info:    Checking defaults for C09/song/m/n on input line 25.
LaTeX Font Info:    ... okay on input line 25.
LaTeX Font Info:    Checking defaults for C10/song/m/n on input line 25.
LaTeX Font Info:    ... okay on input line 25.
LaTeX Font Info:    Checking defaults for C20/song/m/n on input line 25.
LaTeX Font Info:    ... okay on input line 25.
LaTeX Font Info:    Checking defaults for C19/song/m/n on input line 25.
LaTeX Font Info:    ... okay on input line 25.
LaTeX Font Info:    Checking defaults for C40/song/m/n on input line 25.
LaTeX Font Info:    ... okay on input line 25.
LaTeX Font Info:    Checking defaults for C42/song/m/n on input line 25.
LaTeX Font Info:    ... okay on input line 25.
LaTeX Font Info:    Checking defaults for C43/song/m/n on input line 25.
LaTeX Font Info:    ... okay on input line 25.
LaTeX Font Info:    Checking defaults for C50/song/m/n on input line 25.
LaTeX Font Info:    ... okay on input line 25.
LaTeX Font Info:    Checking defaults for C52/song/m/n on input line 25.
LaTeX Font Info:    ... okay on input line 25.
LaTeX Font Info:    Checking defaults for C49/song/m/n on input line 25.
LaTeX Font Info:    ... okay on input line 25.
LaTeX Font Info:    Checking defaults for C60/mj/m/n on input line 25.
LaTeX Font Info:    ... okay on input line 25.
LaTeX Font Info:    Checking defaults for C61/mj/m/n on input line 25.
LaTeX Font Info:    ... okay on input line 25.
LaTeX Font Info:    Checking defaults for C63/mj/m/n on input line 25.
LaTeX Font Info:    ... okay on input line 25.
LaTeX Font Info:    Checking defaults for C64/mj/m/n on input line 25.
LaTeX Font Info:    ... okay on input line 25.
LaTeX Font Info:    Checking defaults for C65/mj/m/n on input line 25.
LaTeX Font Info:    ... okay on input line 25.
LaTeX Font Info:    Checking defaults for C70/song/m/n on input line 25.
LaTeX Font Info:    ... okay on input line 25.
LaTeX Font Info:    Checking defaults for C31/song/m/n on input line 25.
LaTeX Font Info:    ... okay on input line 25.
LaTeX Font Info:    Checking defaults for C32/song/m/n on input line 25.
LaTeX Font Info:    ... okay on input line 25.
LaTeX Font Info:    Checking defaults for C33/song/m/n on input line 25.
LaTeX Font Info:    ... okay on input line 25.
LaTeX Font Info:    Checking defaults for C34/song/m/n on input line 25.
LaTeX Font Info:    ... okay on input line 25.
LaTeX Font Info:    Checking defaults for C35/song/m/n on input line 25.
LaTeX Font Info:    ... okay on input line 25.
LaTeX Font Info:    Checking defaults for C36/song/m/n on input line 25.
LaTeX Font Info:    ... okay on input line 25.
LaTeX Font Info:    Checking defaults for C37/song/m/n on input line 25.
LaTeX Font Info:    ... okay on input line 25.
LaTeX Font Info:    Checking defaults for C80/song/m/n on input line 25.
LaTeX Font Info:    ... okay on input line 25.
LaTeX Font Info:    Checking defaults for C81/song/m/n on input line 25.
LaTeX Font Info:    ... okay on input line 25.
LaTeX Font Info:    Checking defaults for C01/song/m/n on input line 25.
LaTeX Font Info:    ... okay on input line 25.
LaTeX Font Info:    Checking defaults for C11/song/m/n on input line 25.
LaTeX Font Info:    ... okay on input line 25.
LaTeX Font Info:    Checking defaults for C21/song/m/n on input line 25.
LaTeX Font Info:    ... okay on input line 25.
LaTeX Font Info:    Checking defaults for C41/song/m/n on input line 25.
LaTeX Font Info:    ... okay on input line 25.
LaTeX Font Info:    Checking defaults for C62/song/m/n on input line 25.
LaTeX Font Info:    ... okay on input line 25.

*geometry* driver: auto-detecting
*geometry* detected driver: pdftex
*geometry* verbose mode - [ preamble ] result:
* driver: pdftex
* paper: <default>
* layout: <same size as paper>
* layoutoffset:(h,v)=(0.0pt,0.0pt)
* modes: landscape 
* h-part:(L,W,R)=(10.84006pt, 773.28987pt, 10.84006pt)
* v-part:(T,H,B)=(10.84006pt, 592.61488pt, 10.84006pt)
* \paperwidth=794.96999pt
* \paperheight=614.295pt
* \textwidth=773.28987pt
* \textheight=592.61488pt
* \oddsidemargin=-61.42993pt
* \evensidemargin=-61.42993pt
* \topmargin=-98.42993pt
* \headheight=12.0pt
* \headsep=25.0pt
* \topskip=9.0pt
* \footskip=30.0pt
* \marginparwidth=144.0pt
* \marginparsep=10.0pt
* \columnsep=10.0pt
* \skip\footins=7.0pt plus 4.0pt minus 2.0pt
* \hoffset=0.0pt
* \voffset=0.0pt
* \mag=1000
* \@twocolumnfalse
* \@twosidefalse
* \@mparswitchfalse
* \@reversemarginfalse
* (1in=72.27pt=25.4mm, 1cm=28.453pt)

(d:/Tex Live/texlive/2025/texmf-dist/tex/context/base/mkii/supp-pdf.mkii
[Loading MPS to PDF converter (version 2006.09.02).]
\scratchcounter=\count316
\scratchdimen=\dimen199
\scratchbox=\box106
\nofMPsegments=\count317
\nofMParguments=\count318
\everyMPshowfont=\toks29
\MPscratchCnt=\count319
\MPscratchDim=\dimen256
\MPnumerator=\count320
\makeMPintoPDFobject=\count321
\everyMPtoPDFconversion=\toks30
) (d:/Tex Live/texlive/2025/texmf-dist/tex/latex/epstopdf-pkg/epstopdf-base.sty
Package: epstopdf-base 2020-01-24 v2.11 Base part for package epstopdf
Package epstopdf-base Info: Redefining graphics rule for `.eps' on input line 4
85.
(d:/Tex Live/texlive/2025/texmf-dist/tex/latex/latexconfig/epstopdf-sys.cfg
File: epstopdf-sys.cfg 2010/07/13 v1.3 Configuration of (r)epstopdf for TeX Liv
e
))
(d:/Tex Live/texlive/2025/texmf-dist/tex/latex/cjk/texinput/UTF8/UTF8.bdg
File: UTF8.bdg 2021/10/16 4.8.5
)
(d:/Tex Live/texlive/2025/texmf-dist/tex/latex/cjk/texinput/UTF8/UTF8.enc
File: UTF8.enc 2021/10/16 4.8.5
)
(d:/Tex Live/texlive/2025/texmf-dist/tex/latex/cjk/texinput/UTF8/UTF8.chr
File: UTF8.chr 2021/10/16 4.8.5
)
LaTeX Font Info:    Trying to load font information for C70+gbsn on input line 
35.

(d:/Tex Live/texlive/2025/texmf-dist/tex/latex/cjk/texinput/UTF8/c70gbsn.fd
File: c70gbsn.fd 2021/10/16 4.8.5
)
(d:/Tex Live/texlive/2025/texmf-dist/tex/latex/cjk/texinput/UTF8/c70gbsn.fdx
File: c70gbsn.fdx 2021/10/16 4.8.5
)
LaTeX Font Info:    Trying to load font information for U+msa on input line 37.


(d:/Tex Live/texlive/2025/texmf-dist/tex/latex/amsfonts/umsa.fd
File: umsa.fd 2013/01/14 v3.01 AMS symbols A
)
LaTeX Font Info:    Trying to load font information for U+msb on input line 37.


(d:/Tex Live/texlive/2025/texmf-dist/tex/latex/amsfonts/umsb.fd
File: umsb.fd 2013/01/14 v3.01 AMS symbols B
)







[1

{d:/Tex Live/texlive/2025/texmf-var/fonts/map/pdftex/updmap/pdftex.map}{d:/Tex 
Live/texlive/2025/texmf-dist/fonts/enc/dvips/cm-super/cm-super-ts1.enc}]
(./Cheat_Sheet_Exam_1.aux)
 ***********
LaTeX2e <2025-06-01> patch level 1
L3 programming layer <2025-10-24>
 ***********
 ) 
Here is how much of TeX's memory you used:
 5907 strings out of 467747
 85662 string characters out of 5426397
 556831 words of memory out of 5000000
 34413 multiletter control sequences out of 15000+600000
 647816 words of font info for 112 fonts, out of 8000000 for 9000
 1141 hyphenation exceptions out of 8191
 59i,7n,65p,249b,1018s stack positions out of 10000i,1000n,20000p,200000b,200000s
<d:/Tex Live/texlive/2025/texmf-dist/fonts/type1/public/amsfonts/cm/cmbx10.pf
b><d:/Tex Live/texlive/2025/texmf-dist/fonts/type1/public/amsfonts/cm/cmbx5.pfb
><d:/Tex Live/texlive/2025/texmf-dist/fonts/type1/public/amsfonts/cm/cmmi5.pfb>
<d:/Tex Live/texlive/2025/texmf-dist/fonts/type1/public/amsfonts/cm/cmr5.pfb><d
:/Tex Live/texlive/2025/texmf-dist/fonts/type1/public/amsfonts/cm/cmr8.pfb><d:/
Tex Live/texlive/2025/texmf-dist/fonts/type1/public/amsfonts/cm/cmsy5.pfb><d:/T
ex Live/texlive/2025/texmf-dist/fonts/type1/public/amsfonts/cm/cmti7.pfb><d:/Te
x Live/texlive/2025/texmf-dist/fonts/type1/arphic/gbsnu/gbsnu4e.pfb><d:/Tex Liv
e/texlive/2025/texmf-dist/fonts/type1/arphic/gbsnu/gbsnu4f.pfb><d:/Tex Live/tex
live/2025/texmf-dist/fonts/type1/arphic/gbsnu/gbsnu50.pfb><d:/Tex Live/texlive/
2025/texmf-dist/fonts/type1/arphic/gbsnu/gbsnu51.pfb><d:/Tex Live/texlive/2025/
texmf-dist/fonts/type1/arphic/gbsnu/gbsnu52.pfb><d:/Tex Live/texlive/2025/texmf
-dist/fonts/type1/arphic/gbsnu/gbsnu53.pfb><d:/Tex Live/texlive/2025/texmf-dist
/fonts/type1/arphic/gbsnu/gbsnu54.pfb><d:/Tex Live/texlive/2025/texmf-dist/font
s/type1/arphic/gbsnu/gbsnu56.pfb><d:/Tex Live/texlive/2025/texmf-dist/fonts/typ
e1/arphic/gbsnu/gbsnu57.pfb><d:/Tex Live/texlive/2025/texmf-dist/fonts/type1/ar
phic/gbsnu/gbsnu59.pfb><d:/Tex Live/texlive/2025/texmf-dist/fonts/type1/arphic/
gbsnu/gbsnu5b.pfb><d:/Tex Live/texlive/2025/texmf-dist/fonts/type1/arphic/gbsnu
/gbsnu5d.pfb><d:/Tex Live/texlive/2025/texmf-dist/fonts/type1/arphic/gbsnu/gbsn
u5e.pfb><d:/Tex Live/texlive/2025/texmf-dist/fonts/type1/arphic/gbsnu/gbsnu5f.p
fb><d:/Tex Live/texlive/2025/texmf-dist/fonts/type1/arphic/gbsnu/gbsnu60.pfb><d
:/Tex Live/texlive/2025/texmf-dist/fonts/type1/arphic/gbsnu/gbsnu62.pfb><d:/Tex
 Live/texlive/2025/texmf-dist/fonts/type1/arphic/gbsnu/gbsnu63.pfb><d:/Tex Live
/texlive/2025/texmf-dist/fonts/type1/arphic/gbsnu/gbsnu65.pfb><d:/Tex Live/texl
ive/2025/texmf-dist/fonts/type1/arphic/gbsnu/gbsnu66.pfb><d:/Tex Live/texlive/2
025/texmf-dist/fonts/type1/arphic/gbsnu/gbsnu67.pfb><d:/Tex Live/texlive/2025/t
exmf-dist/fonts/type1/arphic/gbsnu/gbsnu68.pfb><d:/Tex Live/texlive/2025/texmf-
dist/fonts/type1/arphic/gbsnu/gbsnu6a.pfb><d:/Tex Live/texlive/2025/texmf-dist/
fonts/type1/arphic/gbsnu/gbsnu6c.pfb><d:/Tex Live/texlive/2025/texmf-dist/fonts
/type1/arphic/gbsnu/gbsnu6d.pfb><d:/Tex Live/texlive/2025/texmf-dist/fonts/type
1/arphic/gbsnu/gbsnu70.pfb><d:/Tex Live/texlive/2025/texmf-dist/fonts/type1/arp
hic/gbsnu/gbsnu73.pfb><d:/Tex Live/texlive/2025/texmf-dist/fonts/type1/arphic/g
bsnu/gbsnu74.pfb><d:/Tex Live/texlive/2025/texmf-dist/fonts/type1/arphic/gbsnu/
gbsnu75.pfb><d:/Tex Live/texlive/2025/texmf-dist/fonts/type1/arphic/gbsnu/gbsnu
76.pfb><d:/Tex Live/texlive/2025/texmf-dist/fonts/type1/arphic/gbsnu/gbsnu79.pf
b><d:/Tex Live/texlive/2025/texmf-dist/fonts/type1/arphic/gbsnu/gbsnu7a.pfb><d:
/Tex Live/texlive/2025/texmf-dist/fonts/type1/arphic/gbsnu/gbsnu7b.pfb><d:/Tex 
Live/texlive/2025/texmf-dist/fonts/type1/arphic/gbsnu/gbsnu7d.pfb><d:/Tex Live/
texlive/2025/texmf-dist/fonts/type1/arphic/gbsnu/gbsnu7e.pfb><d:/Tex Live/texli
ve/2025/texmf-dist/fonts/type1/arphic/gbsnu/gbsnu7f.pfb><d:/Tex Live/texlive/20
25/texmf-dist/fonts/type1/arphic/gbsnu/gbsnu80.pfb><d:/Tex Live/texlive/2025/te
xmf-dist/fonts/type1/arphic/gbsnu/gbsnu83.pfb><d:/Tex Live/texlive/2025/texmf-d
ist/fonts/type1/arphic/gbsnu/gbsnu88.pfb><d:/Tex Live/texlive/2025/texmf-dist/f
onts/type1/arphic/gbsnu/gbsnu89.pfb><d:/Tex Live/texlive/2025/texmf-dist/fonts/
type1/arphic/gbsnu/gbsnu8b.pfb><d:/Tex Live/texlive/2025/texmf-dist/fonts/type1
/arphic/gbsnu/gbsnu8c.pfb><d:/Tex Live/texlive/2025/texmf-dist/fonts/type1/arph
ic/gbsnu/gbsnu8d.pfb><d:/Tex Live/texlive/2025/texmf-dist/fonts/type1/arphic/gb
snu/gbsnu8f.pfb><d:/Tex Live/texlive/2025/texmf-dist/fonts/type1/arphic/gbsnu/g
bsnu90.pfb><d:/Tex Live/texlive/2025/texmf-dist/fonts/type1/arphic/gbsnu/gbsnu9
1.pfb><d:/Tex Live/texlive/2025/texmf-dist/fonts/type1/arphic/gbsnu/gbsnu96.pfb
><d:/Tex Live/texlive/2025/texmf-dist/fonts/type1/arphic/gbsnu/gbsnu97.pfb><d:/
Tex Live/texlive/2025/texmf-dist/fonts/type1/arphic/gbsnu/gbsnu98.pfb><d:/Tex L
ive/texlive/2025/texmf-dist/fonts/type1/arphic/gbsnu/gbsnu9a.pfb><d:/Tex Live/t
exlive/2025/texmf-dist/fonts/type1/public/cm-super/sfrm0500.pfb>
Output written on Cheat_Sheet_Exam_1.pdf (1 page, 338969 bytes).
PDF statistics:
 344 PDF objects out of 1000 (max. 8388607)
 176 compressed objects within 2 object streams
 0 named destinations out of 1000 (max. 500000)
 197 words of extra memory for PDF output out of 10000 (max. 10000000)

